/Users/tharunsaireddy/miniforge3/envs/gesturelsm/lib/python3.12/site-packages/torch/cuda/__init__.py:63: FutureWarning: The pynvml package is deprecated. Please install nvidia-ml-py instead. If you did not install pynvml directly, please report this to the maintainers of the package that installed pynvml for you.
  import pynvml  # type: ignore[import]
Device set to use cpu
Using `chunk_length_s` is very experimental with seq2seq models. The results will not necessarily be entirely accurate and will have caveats. More information: https://github.com/huggingface/transformers/pull/20104. Ignore this warning with pipeline(..., ignore_warning=True). To use Whisper for long-form transcription, use rather the model's `generate` method directly as the model relies on it's own chunking mechanism (cf. Whisper original paper, section 3.8. Long-form Transcription).
2025-11-30 19:56:26.203 | INFO     | utils.other_tools_hf:print_exp_info:761 - {'a_encoder': None,
 'a_fix_pre': False,
 'a_pre_encoder': None,
 'acc': 1,
 'acc_weight': 0.0,
 'additional_data': False,
 'adv_weight': 20.0,
 'ali_weight': 0.0,
 'amsgrad': False,
 'apex': False,
 'asmr': 0.0,
 'atcont': 0.0,
 'atmr': 0.0,
 'aud_prob': 1.0,
 'audio_dims': 1,
 'audio_f': 256,
 'audio_fps': 16000,
 'audio_norm': False,
 'audio_raw': 'None',
 'audio_rep': 'onset+amplitude',
 'audio_sr': 16000,
 'batch_size': 128,
 'beat_align': True,
 'benchmark': True,
 'cache_only': False,
 'cache_path': 'datasets/beat_cache/beat_smplx_en_emage_2_128/',
 'cf': 0.0,
 'cfg': 'configs/sc_model_config.yaml',
 'ch': 0.0,
 'cl': 0.0,
 'clean_final_seconds': 0,
 'clean_first_seconds': 0,
 'code_dim': 128,
 'commit': 0.02,
 'config': 'configs/shortcut_rvqvae_128_hf.yaml',
 'csv_name': 'a2g_0',
 'cu': 0.0,
 'cudnn_enabled': True,
 'd_lr_weight': 0.2,
 'd_name': None,
 'data_path': './datasets/BEAT_SMPL/beat_v2.0.0/beat_english_v2.0.0/',
 'data_path_1': './datasets/hub/',
 'dataset': 'beat_sep_single',
 'ddp': False,
 'debug': False,
 'decay_epochs': 500,
 'decay_rate': 0.1,
 'decode_fusion': None,
 'depth': 3,
 'deterministic': True,
 'dilation_growth_rate': 3,
 'disable_filtering': False,
 'div_reg_weight': 0.0,
 'down_s': 2,
 'down_t': 2,
 'downs_t': [3],
 'dropout_prob': 0.3,
 'e_name': 'VAESKConv',
 'e_path': 'weights/AESKConv_240_100.bin',
 'emb_width': 512,
 'emo_rep': None,
 'emotion_dims': 8,
 'emotion_f': 0,
 'epoch_stage': 0,
 'epochs': 1000,
 'eval_model': 'motion_representation',
 'f_encoder': None,
 'f_fix_pre': False,
 'f_pre_encoder': None,
 'fac_prob': 1.0,
 'facial_dims': 100,
 'facial_f': 0,
 'facial_fps': 15,
 'facial_norm': False,
 'facial_rep': 'smplxflame_30',
 'fid_weight': 0.0,
 'finger_net': 'original',
 'freeze_wordembed': True,
 'fsmr': 0.0,
 'ftmr': 0.0,
 'fusion_mode': 'sum',
 'g_name': 'CaMN',
 'gap_weight': 0.0,
 'gpus': [0],
 'grad_norm': 0.99,
 'hidden_size': 300,
 'hvqvae_multipliers': [1],
 'id_rep': 'onehot',
 'input_context': 'both',
 'is_train': True,
 'ita_weight': 0.0,
 'iwa_weight': 0.0,
 'joint_channel': 3,
 'kld_aud_weight': 0.0,
 'kld_fac_weight': 0.0,
 'kld_weight': 0.0,
 'l': 4,
 'l_bins': 512,
 'l_mu': 0.99,
 'levels': 1,
 'lf': 0.0,
 'lh': 0.0,
 'll': 0.0,
 'loader_workers': 0,
 'log_period': 10,
 'loss_contrastive_neg_weight': 0.005,
 'loss_contrastive_pos_weight': 0.2,
 'loss_gan_weight': 5.0,
 'loss_kld_weight': 0.1,
 'loss_physical_weight': 0.0,
 'loss_reg_weight': 0.05,
 'loss_regression_weight': 70.0,
 'lr_base': 0.0002,
 'lr_min': 1e-07,
 'lr_policy': 'step',
 'lu': 0.0,
 'm_conv': 1.0,
 'm_decoder': None,
 'm_encoder': None,
 'm_fix_pre': False,
 'm_pre_encoder': None,
 'mean_pose_path': './mean_std/beatx_2_330_mean.npy',
 'mean_trans_path': './mean_std/beatx_2_trans_mean.npy',
 'model': 'camn',
 'momentum': 0.8,
 'motion_f': 0,
 'msmr': 0.0,
 'mtmr': 0.0,
 'mu': 0.99,
 'multi_length_training': [1.0],
 'n_layer': 4,
 'n_poses': 34,
 'n_pre_poses': 4,
 'name': '1130_195626_shortcut_rvqvae_128_hf',
 'nb_code': 1024,
 'nesterov': True,
 'new_cache': False,
 'no_adv_epoch': 999,
 'notes': '',
 'num_quantizers': 6,
 'opt': 'adam',
 'opt_betas': [0.5, 0.999],
 'ori_joints': 'beat_smplx_joints',
 'out_path': './outputs/audio2pose/',
 'pos_encoding_type': 'sin',
 'pos_prob': 1.0,
 'pose_dims': 330,
 'pose_fps': 30,
 'pose_length': 128,
 'pose_norm': True,
 'pose_rep': 'smplxflame_30',
 'pre_frames': 4,
 'pre_type': 'zero',
 'pretrain': False,
 'project': 's2g',
 'quantize_dropout_prob': 0.2,
 'queue_size': 1024,
 'random_seed': 2021,
 'rec_aud_weight': 0.0,
 'rec_fac_weight': 0.0,
 'rec_pos_weight': 0.0,
 'rec_txt_weight': 0.0,
 'rec_ver_weight': 0.0,
 'rec_weight': 1.0,
 'render_concurrent_num': 4,
 'render_tmp_img_filetype': 'bmp',
 'render_video_fps': 30,
 'render_video_height': 720,
 'render_video_width': 1920,
 'root_path': './',
 'root_weight': 1.0,
 'rot6d': True,
 'sample_length': 34,
 'sem_rep': None,
 'shared_codebook': False,
 'sparse': 1,
 'speaker_dims': 4,
 'speaker_f': 0,
 'speaker_id': 'onehot',
 'stat': 'ts',
 'std_pose_path': './mean_std/beatx_2_330_std.npy',
 'std_trans_path': './mean_std/beatx_2_trans_std.npy',
 'stride': 20,
 'stride_t': 2,
 'strides_t': [2],
 't_encoder': None,
 't_fix_pre': False,
 't_pre_encoder': 'fasttext',
 'tar_joints': 'beat_smplx_full',
 'test_ckpt': './ckpt/new_540_shortcut.bin',
 'test_data_path': '/datasets/trinity/test/',
 'test_length': 128,
 'test_period': 20,
 'train_data_path': '/datasets/trinity/train/',
 'train_trans': True,
 'trainer': 'shortcut_rvqvae',
 'training_speakers': [2],
 'tsmr': 0.0,
 'ttmr': 0.0,
 'txt_prob': 1.0,
 'use_amass': False,
 'use_aug': False,
 'use_bottleneck': True,
 'use_motionclip': False,
 'use_trans': True,
 'vae_codebook_size': 256,
 'vae_grow': [1, 1, 2, 1],
 'vae_layer': 4,
 'vae_length': 240,
 'vae_quantizer_lambda': 1.0,
 'vae_test_dim': 330,
 'vae_test_len': 32,
 'vae_test_stride': 20,
 'val_data_path': '/datasets/trinity/val/',
 'variational': False,
 'vel': 1,
 'vel_weight': 0.0,
 'vq_act': 'relu',
 'vq_norm': False,
 'vqvae_ckpt': None,
 'vqvae_hands_path': './ckpt/net_300000_hands.pth',
 'vqvae_latent_scale': 5.0,
 'vqvae_lower_path': './ckpt/net_300000_lower.pth',
 'vqvae_lower_trans_path': './ckpt/net_300000_lower_trans.pth',
 'vqvae_reverse_decoder_dilation': True,
 'vqvae_squeeze_scale': 4,
 'vqvae_upper_path': './ckpt/net_300000_upper.pth',
 'warmup_epochs': 0,
 'warmup_lr': 0.0005,
 'wei_weight': 0.0,
 'weight_decay': 0.0,
 'width': 512,
 'word_cache': False,
 'word_dims': 300,
 'word_f': 0,
 'word_index_num': 5793,
 'word_rep': 'textgrid',
 'z_type': 'speaker'}
2025-11-30 19:56:26.204 | INFO     | utils.other_tools_hf:print_exp_info:762 - # ------------ 1130_195626_shortcut_rvqvae_128_hf ----------- #
2025-11-30 19:56:26.204 | INFO     | utils.other_tools_hf:print_exp_info:763 - PyTorch version: 2.9.1
2025-11-30 19:56:26.204 | INFO     | utils.other_tools_hf:print_exp_info:764 - CUDA version: None
2025-11-30 19:56:26.204 | INFO     | utils.other_tools_hf:print_exp_info:765 - 0 GPUs
2025-11-30 19:56:26.204 | INFO     | utils.other_tools_hf:print_exp_info:766 - Random Seed: 2021
Using custom `forced_decoder_ids` from the (generation) config. This is deprecated in favor of the `task` and `language` flags/config options.
2025-11-30 19:57:28.009 | INFO     | dataloaders.beat_sep_single:build_cache:132 - Audio bit rate: 16000
2025-11-30 19:57:28.009 | INFO     | dataloaders.beat_sep_single:build_cache:133 - Reading data './datasets/BEAT_SMPL/beat_v2.0.0/beat_english_v2.0.0/'...
2025-11-30 19:57:28.010 | INFO     | dataloaders.beat_sep_single:build_cache:134 - Creating the dataset cache...
2025-11-30 19:57:28.011 | INFO     | dataloaders.beat_sep_single:cache_generation:184 - # ---- Building cache for Pose   tmp ---- #
2025-11-30 19:57:29.102 | INFO     | dataloaders.beat_sep_single:cache_generation:266 - # ---- Building cache for Facial tmp and Pose tmp ---- #
2025-11-30 19:57:29.102 | INFO     | dataloaders.beat_sep_single:cache_generation:275 - # ---- Building cache for Audio  tmp and Pose tmp ---- #
2025-11-30 19:57:35.905 | INFO     | dataloaders.beat_sep_single:cache_generation:311 - # ---- Building cache for Word   tmp and Pose tmp ---- #
2025-11-30 19:57:35.918 | ERROR    | __main__:gesturelsm:616 - 'NoneType' object has no attribute 'get_word_index'
